0 verbose cli /usr/local/bin/node /usr/local/bin/npm
1 info using npm@8.12.1
2 info using node@v18.4.0
3 timing npm:load:whichnode Completed in 0ms
4 timing config:load:defaults Completed in 3ms
5 timing config:load:file:/usr/local/lib/node_modules/npm/npmrc Completed in 1ms
6 timing config:load:builtin Completed in 2ms
7 timing config:load:cli Completed in 3ms
8 timing config:load:env Completed in 1ms
9 timing config:load:file:/home/maritza/test/.npmrc Completed in 0ms
10 timing config:load:project Completed in 16ms
11 timing config:load:file:/home/maritza/.npmrc Completed in 0ms
12 timing config:load:user Completed in 0ms
13 timing config:load:file:/usr/local/etc/npmrc Completed in 0ms
14 timing config:load:global Completed in 1ms
15 timing config:load:validate Completed in 0ms
16 timing config:load:credentials Completed in 1ms
17 timing config:load:setEnvs Completed in 1ms
18 timing config:load Completed in 31ms
19 timing npm:load:configload Completed in 31ms
20 timing npm:load:mkdirpcache Completed in 1ms
21 timing npm:load:mkdirplogs Completed in 0ms
22 verbose title npm install @testing-library/jest-dom@^5.14.1 @testing-library/react@^13.0.0 @testing-library/user-event@^13.2.1 web-vitals@^2.1.0
23 verbose argv "install" "--no-audit" "--save" "@testing-library/jest-dom@^5.14.1" "@testing-library/react@^13.0.0" "@testing-library/user-event@^13.2.1" "web-vitals@^2.1.0"
24 timing npm:load:setTitle Completed in 3ms
25 timing config:load:flatten Completed in 4ms
26 timing npm:load:display Completed in 6ms
27 verbose logfile logs-max:10 dir:/home/maritza/.npm/_logs
28 verbose logfile /home/maritza/.npm/_logs/2022-07-03T01_40_38_380Z-debug-0.log
29 timing npm:load:logFile Completed in 7ms
30 timing npm:load:timers Completed in 0ms
31 timing npm:load:configScope Completed in 0ms
32 timing npm:load Completed in 50ms
33 timing arborist:ctor Completed in 3ms
34 silly logfile done cleaning log files
35 timing idealTree:init Completed in 2886ms
36 timing idealTree:userRequests Completed in 4ms
37 silly idealTree buildDeps
38 silly fetch manifest @testing-library/jest-dom@^5.14.1
39 timing arborist:ctor Completed in 1ms
40 http fetch GET 200 https://registry.npmjs.org/@testing-library%2fjest-dom 4261ms (cache miss)
41 silly fetch manifest @testing-library/react@^13.0.0
42 http fetch GET 200 https://registry.npmjs.org/@testing-library%2freact 900ms (cache miss)
43 silly fetch manifest react@^18.2.0
44 http fetch GET 200 https://registry.npmjs.org/react 52ms (cache hit)
45 silly fetch manifest react-dom@^18.2.0
46 http fetch GET 200 https://registry.npmjs.org/react-dom 19ms (cache hit)
47 silly fetch manifest @testing-library/user-event@^13.2.1
48 http fetch GET 200 https://registry.npmjs.org/@testing-library%2fuser-event 1269ms (cache miss)
49 silly fetch manifest @testing-library/dom@>=7.21.4
50 http fetch GET 200 https://registry.npmjs.org/@testing-library%2fdom 480ms (cache miss)
51 silly fetch manifest web-vitals@^2.1.0
52 http fetch GET 200 https://registry.npmjs.org/web-vitals 551ms (cache miss)
53 silly placeDep ROOT @testing-library/jest-dom@5.16.4 OK for: test@0.1.0 want: ^5.14.1
54 silly placeDep ROOT @testing-library/react@13.3.0 OK for: test@0.1.0 want: ^13.0.0
55 silly placeDep ROOT @testing-library/user-event@13.5.0 OK for: test@0.1.0 want: ^13.2.1
56 silly placeDep ROOT @testing-library/dom@8.14.0 OK for: @testing-library/user-event@13.5.0 want: >=7.21.4
57 silly placeDep ROOT web-vitals@2.1.4 OK for: test@0.1.0 want: ^2.1.0
58 silly fetch manifest @types/testing-library__jest-dom@^5.9.1
59 silly fetch manifest aria-query@^5.0.0
60 silly fetch manifest chalk@^3.0.0
61 silly fetch manifest css@^3.0.0
62 silly fetch manifest css.escape@^1.5.1
63 silly fetch manifest dom-accessibility-api@^0.5.6
64 silly fetch manifest redent@^3.0.0
65 silly fetch manifest @types/react-dom@^18.0.0
66 silly fetch manifest @types/aria-query@^4.2.0
67 silly fetch manifest chalk@^4.1.0
68 silly fetch manifest dom-accessibility-api@^0.5.9
69 silly fetch manifest lz-string@^1.4.4
70 http fetch GET 200 https://registry.npmjs.org/chalk 72ms (cache hit)
71 http fetch GET 200 https://registry.npmjs.org/chalk 83ms (cache hit)
72 http fetch GET 200 https://registry.npmjs.org/aria-query 84ms (cache hit)
73 http fetch GET 200 https://registry.npmjs.org/@types%2ftesting-library__jest-dom 107ms (cache miss)
74 http fetch GET 200 https://registry.npmjs.org/redent 202ms (cache miss)
75 http fetch GET 200 https://registry.npmjs.org/@types%2faria-query 243ms (cache miss)
76 http fetch GET 200 https://registry.npmjs.org/css.escape 260ms (cache miss)
77 http fetch GET 200 https://registry.npmjs.org/@types%2freact-dom 325ms (cache miss)
78 http fetch GET 200 https://registry.npmjs.org/css 638ms (cache miss)
79 http fetch GET 200 https://registry.npmjs.org/dom-accessibility-api 664ms (cache miss)
80 http fetch GET 200 https://registry.npmjs.org/lz-string 677ms (cache miss)
81 http fetch GET 200 https://registry.npmjs.org/dom-accessibility-api 715ms (cache miss)
82 timing idealTree:#root Completed in 8397ms
83 silly placeDep ROOT @types/aria-query@4.2.2 OK for: @testing-library/dom@8.14.0 want: ^4.2.0
84 silly placeDep node_modules/@testing-library/dom aria-query@5.0.0 OK for: @testing-library/dom@8.14.0 want: ^5.0.0
85 silly placeDep node_modules/@testing-library/dom chalk@4.1.2 OK for: @testing-library/dom@8.14.0 want: ^4.1.0
86 silly placeDep ROOT dom-accessibility-api@0.5.14 OK for: @testing-library/dom@8.14.0 want: ^0.5.9
87 silly placeDep ROOT lz-string@1.4.4 OK for: @testing-library/dom@8.14.0 want: ^1.4.4
88 silly fetch manifest ansi-styles@^4.1.0
89 silly fetch manifest supports-color@^7.1.0
90 http fetch GET 200 https://registry.npmjs.org/ansi-styles 18ms (cache hit)
91 http fetch GET 200 https://registry.npmjs.org/supports-color 21ms (cache hit)
92 timing idealTree:node_modules/@testing-library/dom Completed in 43ms
93 silly placeDep ROOT @types/testing-library__jest-dom@5.14.5 OK for: @testing-library/jest-dom@5.16.4 want: ^5.9.1
94 silly placeDep node_modules/@testing-library/jest-dom aria-query@5.0.0 OK for: @testing-library/jest-dom@5.16.4 want: ^5.0.0
95 silly placeDep node_modules/@testing-library/jest-dom chalk@3.0.0 OK for: @testing-library/jest-dom@5.16.4 want: ^3.0.0
96 silly placeDep ROOT css@3.0.0 OK for: @testing-library/jest-dom@5.16.4 want: ^3.0.0
97 silly placeDep ROOT css.escape@1.5.1 OK for: @testing-library/jest-dom@5.16.4 want: ^1.5.1
98 silly placeDep ROOT redent@3.0.0 OK for: @testing-library/jest-dom@5.16.4 want: ^3.0.0
99 silly fetch manifest @types/jest@*
100 silly fetch manifest source-map@^0.6.1
101 silly fetch manifest source-map-resolve@^0.6.0
102 silly fetch manifest indent-string@^4.0.0
103 silly fetch manifest strip-indent@^3.0.0
104 http fetch GET 200 https://registry.npmjs.org/source-map 24ms (cache hit)
105 http fetch GET 200 https://registry.npmjs.org/strip-indent 93ms (cache miss)
106 http fetch GET 200 https://registry.npmjs.org/indent-string 98ms (cache miss)
107 http fetch GET 200 https://registry.npmjs.org/source-map-resolve 101ms (cache miss)
108 http fetch GET 200 https://registry.npmjs.org/@types%2fjest 151ms (cache miss)
109 timing idealTree:node_modules/@testing-library/jest-dom Completed in 176ms
110 silly placeDep ROOT @types/react-dom@18.0.5 OK for: @testing-library/react@13.3.0 want: ^18.0.0
111 silly fetch manifest @types/react@*
112 http fetch GET 200 https://registry.npmjs.org/@types%2freact 160ms (cache miss)
113 timing idealTree:node_modules/@testing-library/react Completed in 168ms
114 timing idealTree:node_modules/@testing-library/user-event Completed in 0ms
115 timing idealTree:node_modules/@types/aria-query Completed in 0ms
116 silly placeDep ROOT @types/react@18.0.14 OK for: @types/react-dom@18.0.5 want: *
117 silly fetch manifest @types/prop-types@*
118 silly fetch manifest @types/scheduler@*
119 silly fetch manifest csstype@^3.0.2
120 http fetch GET 200 https://registry.npmjs.org/@types%2fscheduler 109ms (cache miss)
121 http fetch GET 200 https://registry.npmjs.org/@types%2fprop-types 127ms (cache miss)
122 http fetch GET 200 https://registry.npmjs.org/csstype 154ms (cache miss)
123 timing idealTree:node_modules/@types/react-dom Completed in 163ms
124 silly placeDep ROOT @types/prop-types@15.7.5 OK for: @types/react@18.0.14 want: *
125 silly placeDep ROOT @types/scheduler@0.16.2 OK for: @types/react@18.0.14 want: *
126 silly placeDep ROOT csstype@3.1.0 OK for: @types/react@18.0.14 want: ^3.0.2
127 timing idealTree:node_modules/@types/react Completed in 15ms
128 timing idealTree:node_modules/@types/prop-types Completed in 0ms
129 timing idealTree:node_modules/@types/scheduler Completed in 0ms
130 silly placeDep ROOT @types/jest@28.1.4 OK for: @types/testing-library__jest-dom@5.14.5 want: *
131 silly fetch manifest jest-matcher-utils@^28.0.0
132 silly fetch manifest pretty-format@^28.0.0
133 http fetch GET 200 https://registry.npmjs.org/pretty-format 82ms (cache hit)
134 http fetch GET 200 https://registry.npmjs.org/jest-matcher-utils 90ms (cache hit)
135 timing idealTree:node_modules/@types/testing-library__jest-dom Completed in 135ms
136 silly placeDep node_modules/@types/jest jest-matcher-utils@28.1.1 OK for: @types/jest@28.1.4 want: ^28.0.0
137 silly placeDep node_modules/@types/jest pretty-format@28.1.1 OK for: @types/jest@28.1.4 want: ^28.0.0
138 silly fetch manifest chalk@^4.0.0
139 silly fetch manifest jest-diff@^28.1.1
140 silly fetch manifest jest-get-type@^28.0.2
141 silly fetch manifest ansi-styles@^5.0.0
142 silly fetch manifest react-is@^18.0.0
143 http fetch GET 200 https://registry.npmjs.org/jest-get-type 18ms (cache hit)
144 http fetch GET 200 https://registry.npmjs.org/jest-diff 19ms (cache hit)
145 http fetch GET 200 https://registry.npmjs.org/react-is 31ms (cache hit)
146 timing idealTree:node_modules/@types/jest Completed in 67ms
147 silly placeDep node_modules/css source-map@0.6.1 OK for: css@3.0.0 want: ^0.6.1
148 silly placeDep ROOT source-map-resolve@0.6.0 OK for: css@3.0.0 want: ^0.6.0
149 silly fetch manifest atob@^2.1.2
150 silly fetch manifest decode-uri-component@^0.2.0
151 http fetch GET 200 https://registry.npmjs.org/atob 91ms (cache miss)
152 http fetch GET 200 https://registry.npmjs.org/decode-uri-component 94ms (cache miss)
153 timing idealTree:node_modules/css Completed in 100ms
154 timing idealTree:node_modules/css.escape Completed in 0ms
155 timing idealTree:node_modules/csstype Completed in 0ms
156 timing idealTree:node_modules/dom-accessibility-api Completed in 0ms
157 timing idealTree:node_modules/lz-string Completed in 0ms
158 silly placeDep ROOT indent-string@4.0.0 OK for: redent@3.0.0 want: ^4.0.0
159 silly placeDep ROOT strip-indent@3.0.0 OK for: redent@3.0.0 want: ^3.0.0
160 silly fetch manifest min-indent@^1.0.0
161 http fetch GET 200 https://registry.npmjs.org/min-indent 535ms (cache miss)
162 timing idealTree:node_modules/redent Completed in 544ms
163 timing idealTree:node_modules/indent-string Completed in 0ms
164 silly placeDep ROOT atob@2.1.2 OK for: source-map-resolve@0.6.0 want: ^2.1.2
165 silly placeDep ROOT decode-uri-component@0.2.0 OK for: source-map-resolve@0.6.0 want: ^0.2.0
166 timing idealTree:node_modules/source-map-resolve Completed in 8ms
167 timing idealTree:node_modules/atob Completed in 0ms
168 timing idealTree:node_modules/decode-uri-component Completed in 1ms
169 silly placeDep ROOT min-indent@1.0.1 OK for: strip-indent@3.0.0 want: ^1.0.0
170 timing idealTree:node_modules/strip-indent Completed in 3ms
171 timing idealTree:node_modules/min-indent Completed in 0ms
172 timing idealTree:node_modules/web-vitals Completed in 0ms
173 timing idealTree:node_modules/@testing-library/dom/node_modules/aria-query Completed in 0ms
174 silly placeDep node_modules/@testing-library/dom ansi-styles@4.3.0 OK for: chalk@4.1.2 want: ^4.1.0
175 silly placeDep node_modules/@testing-library/dom supports-color@7.2.0 OK for: chalk@4.1.2 want: ^7.1.0
176 silly fetch manifest color-convert@^2.0.1
177 silly fetch manifest has-flag@^4.0.0
178 http fetch GET 200 https://registry.npmjs.org/has-flag 14ms (cache hit)
179 http fetch GET 200 https://registry.npmjs.org/color-convert 17ms (cache hit)
180 timing idealTree:node_modules/@testing-library/dom/node_modules/chalk Completed in 26ms
181 silly placeDep node_modules/@testing-library/dom color-convert@2.0.1 OK for: ansi-styles@4.3.0 want: ^2.0.1
182 silly fetch manifest color-name@~1.1.4
183 http fetch GET 200 https://registry.npmjs.org/color-name 10ms (cache hit)
184 timing idealTree:node_modules/@testing-library/dom/node_modules/ansi-styles Completed in 15ms
185 silly placeDep node_modules/@testing-library/dom color-name@1.1.4 OK for: color-convert@2.0.1 want: ~1.1.4
186 timing idealTree:node_modules/@testing-library/dom/node_modules/color-convert Completed in 2ms
187 timing idealTree:node_modules/@testing-library/dom/node_modules/color-name Completed in 0ms
188 silly placeDep node_modules/@testing-library/dom has-flag@4.0.0 OK for: supports-color@7.2.0 want: ^4.0.0
189 timing idealTree:node_modules/@testing-library/dom/node_modules/supports-color Completed in 3ms
190 timing idealTree:node_modules/@testing-library/dom/node_modules/has-flag Completed in 0ms
191 timing idealTree:node_modules/@testing-library/jest-dom/node_modules/aria-query Completed in 0ms
192 silly placeDep node_modules/@testing-library/jest-dom ansi-styles@4.3.0 OK for: chalk@3.0.0 want: ^4.1.0
193 silly placeDep node_modules/@testing-library/jest-dom supports-color@7.2.0 OK for: chalk@3.0.0 want: ^7.1.0
194 timing idealTree:node_modules/@testing-library/jest-dom/node_modules/chalk Completed in 5ms
195 silly placeDep node_modules/@testing-library/jest-dom color-convert@2.0.1 OK for: ansi-styles@4.3.0 want: ^2.0.1
196 timing idealTree:node_modules/@testing-library/jest-dom/node_modules/ansi-styles Completed in 2ms
197 silly placeDep node_modules/@testing-library/jest-dom color-name@1.1.4 OK for: color-convert@2.0.1 want: ~1.1.4
198 timing idealTree:node_modules/@testing-library/jest-dom/node_modules/color-convert Completed in 2ms
199 timing idealTree:node_modules/@testing-library/jest-dom/node_modules/color-name Completed in 0ms
200 silly placeDep node_modules/@testing-library/jest-dom has-flag@4.0.0 OK for: supports-color@7.2.0 want: ^4.0.0
201 timing idealTree:node_modules/@testing-library/jest-dom/node_modules/supports-color Completed in 2ms
202 timing idealTree:node_modules/@testing-library/jest-dom/node_modules/has-flag Completed in 0ms
203 silly placeDep node_modules/@types/jest chalk@4.1.2 OK for: jest-matcher-utils@28.1.1 want: ^4.0.0
204 silly placeDep node_modules/@types/jest jest-diff@28.1.1 OK for: jest-matcher-utils@28.1.1 want: ^28.1.1
205 silly placeDep node_modules/@types/jest jest-get-type@28.0.2 OK for: jest-matcher-utils@28.1.1 want: ^28.0.2
206 silly fetch manifest diff-sequences@^28.1.1
207 http fetch GET 200 https://registry.npmjs.org/diff-sequences 11ms (cache hit)
208 timing idealTree:node_modules/@types/jest/node_modules/jest-matcher-utils Completed in 35ms
209 silly placeDep node_modules/@types/jest ansi-styles@4.3.0 OK for: chalk@4.1.2 want: ^4.1.0
210 silly placeDep node_modules/@types/jest supports-color@7.2.0 OK for: chalk@4.1.2 want: ^7.1.0
211 timing idealTree:node_modules/@types/jest/node_modules/chalk Completed in 3ms
212 silly placeDep node_modules/@types/jest color-convert@2.0.1 OK for: ansi-styles@4.3.0 want: ^2.0.1
213 timing idealTree:node_modules/@types/jest/node_modules/ansi-styles Completed in 1ms
214 silly placeDep node_modules/@types/jest color-name@1.1.4 OK for: color-convert@2.0.1 want: ~1.1.4
215 timing idealTree:node_modules/@types/jest/node_modules/color-convert Completed in 2ms
216 timing idealTree:node_modules/@types/jest/node_modules/color-name Completed in 0ms
217 silly placeDep node_modules/@types/jest diff-sequences@28.1.1 OK for: jest-diff@28.1.1 want: ^28.1.1
218 timing idealTree:node_modules/@types/jest/node_modules/jest-diff Completed in 1ms
219 timing idealTree:node_modules/@types/jest/node_modules/diff-sequences Completed in 0ms
220 timing idealTree:node_modules/@types/jest/node_modules/jest-get-type Completed in 0ms
221 silly placeDep node_modules/@types/jest/node_modules/pretty-format ansi-styles@5.2.0 OK for: pretty-format@28.1.1 want: ^5.0.0
222 silly placeDep node_modules/@types/jest react-is@18.2.0 OK for: pretty-format@28.1.1 want: ^18.0.0
223 timing idealTree:node_modules/@types/jest/node_modules/pretty-format Completed in 1ms
224 timing idealTree:node_modules/@types/jest/node_modules/react-is Completed in 0ms
225 silly placeDep node_modules/@types/jest has-flag@4.0.0 OK for: supports-color@7.2.0 want: ^4.0.0
226 timing idealTree:node_modules/@types/jest/node_modules/supports-color Completed in 1ms
227 timing idealTree:node_modules/@types/jest/node_modules/has-flag Completed in 0ms
228 timing idealTree:node_modules/css/node_modules/source-map Completed in 0ms
229 timing idealTree:node_modules/@types/jest/node_modules/pretty-format/node_modules/ansi-styles Completed in 0ms
230 timing idealTree:buildDeps Completed in 9931ms
231 timing idealTree:fixDepFlags Completed in 29ms
232 timing idealTree Completed in 12874ms
233 timing reify:loadTrees Completed in 12876ms
234 timing reify:diffTrees Completed in 59ms
235 silly reify moves {}
236 timing reify:retireShallow Completed in 2ms
237 timing reify:createSparse Completed in 28ms
238 timing reify:loadBundles Completed in 0ms
239 verbose reify failed optional dependency /home/maritza/test/node_modules/fsevents
240 silly reify mark deleted [ '/home/maritza/test/node_modules/fsevents' ]
241 timing reifyNode:node_modules/fsevents Completed in 12ms
242 silly tarball no local data for min-indent@https://registry.npmjs.org/min-indent/-/min-indent-1.0.1.tgz. Extracting by manifest.
243 silly tarball no local data for decode-uri-component@https://registry.npmjs.org/decode-uri-component/-/decode-uri-component-0.2.0.tgz. Extracting by manifest.
244 silly tarball no local data for atob@https://registry.npmjs.org/atob/-/atob-2.1.2.tgz. Extracting by manifest.
245 silly tarball no local data for strip-indent@https://registry.npmjs.org/strip-indent/-/strip-indent-3.0.0.tgz. Extracting by manifest.
246 silly tarball no local data for source-map-resolve@https://registry.npmjs.org/source-map-resolve/-/source-map-resolve-0.6.0.tgz. Extracting by manifest.
247 silly tarball no local data for indent-string@https://registry.npmjs.org/indent-string/-/indent-string-4.0.0.tgz. Extracting by manifest.
248 silly tarball no local data for @types/jest@https://registry.npmjs.org/@types/jest/-/jest-28.1.4.tgz. Extracting by manifest.
249 silly tarball no local data for csstype@https://registry.npmjs.org/csstype/-/csstype-3.1.0.tgz. Extracting by manifest.
250 silly tarball no local data for @types/scheduler@https://registry.npmjs.org/@types/scheduler/-/scheduler-0.16.2.tgz. Extracting by manifest.
251 silly tarball no local data for @types/prop-types@https://registry.npmjs.org/@types/prop-types/-/prop-types-15.7.5.tgz. Extracting by manifest.
252 silly tarball no local data for redent@https://registry.npmjs.org/redent/-/redent-3.0.0.tgz. Extracting by manifest.
253 silly tarball no local data for @types/react@https://registry.npmjs.org/@types/react/-/react-18.0.14.tgz. Extracting by manifest.
254 silly tarball no local data for @types/testing-library__jest-dom@https://registry.npmjs.org/@types/testing-library__jest-dom/-/testing-library__jest-dom-5.14.5.tgz. Extracting by manifest.
255 silly tarball no local data for dom-accessibility-api@https://registry.npmjs.org/dom-accessibility-api/-/dom-accessibility-api-0.5.14.tgz. Extracting by manifest.
256 silly tarball no local data for @types/react-dom@https://registry.npmjs.org/@types/react-dom/-/react-dom-18.0.5.tgz. Extracting by manifest.
257 silly tarball no local data for @types/aria-query@https://registry.npmjs.org/@types/aria-query/-/aria-query-4.2.2.tgz. Extracting by manifest.
258 silly tarball no local data for css.escape@https://registry.npmjs.org/css.escape/-/css.escape-1.5.1.tgz. Extracting by manifest.
259 silly tarball no local data for web-vitals@https://registry.npmjs.org/web-vitals/-/web-vitals-2.1.4.tgz. Extracting by manifest.
260 silly tarball no local data for @testing-library/dom@https://registry.npmjs.org/@testing-library/dom/-/dom-8.14.0.tgz. Extracting by manifest.
261 silly tarball no local data for lz-string@https://registry.npmjs.org/lz-string/-/lz-string-1.4.4.tgz. Extracting by manifest.
262 silly tarball no local data for @testing-library/user-event@https://registry.npmjs.org/@testing-library/user-event/-/user-event-13.5.0.tgz. Extracting by manifest.
263 silly tarball no local data for css@https://registry.npmjs.org/css/-/css-3.0.0.tgz. Extracting by manifest.
264 silly tarball no local data for @testing-library/react@https://registry.npmjs.org/@testing-library/react/-/react-13.3.0.tgz. Extracting by manifest.
265 silly tarball no local data for @testing-library/jest-dom@https://registry.npmjs.org/@testing-library/jest-dom/-/jest-dom-5.16.4.tgz. Extracting by manifest.
266 silly tarball no local data for diff-sequences@https://registry.npmjs.org/diff-sequences/-/diff-sequences-28.1.1.tgz. Extracting by manifest.
267 silly tarball no local data for jest-diff@https://registry.npmjs.org/jest-diff/-/jest-diff-28.1.1.tgz. Extracting by manifest.
268 silly tarball no local data for jest-get-type@https://registry.npmjs.org/jest-get-type/-/jest-get-type-28.0.2.tgz. Extracting by manifest.
269 silly tarball no local data for jest-matcher-utils@https://registry.npmjs.org/jest-matcher-utils/-/jest-matcher-utils-28.1.1.tgz. Extracting by manifest.
270 silly tarball no local data for aria-query@https://registry.npmjs.org/aria-query/-/aria-query-5.0.0.tgz. Extracting by manifest.
271 silly tarball no local data for aria-query@https://registry.npmjs.org/aria-query/-/aria-query-5.0.0.tgz. Extracting by manifest.
272 silly tarball no local data for chalk@https://registry.npmjs.org/chalk/-/chalk-3.0.0.tgz. Extracting by manifest.
273 timing reifyNode:node_modules/@types/jest/node_modules/color-name Completed in 519ms
274 timing reifyNode:node_modules/@testing-library/dom/node_modules/color-name Completed in 518ms
275 timing reifyNode:node_modules/@testing-library/jest-dom/node_modules/color-name Completed in 518ms
276 timing reifyNode:node_modules/@types/jest/node_modules/has-flag Completed in 528ms
277 timing reifyNode:node_modules/@testing-library/dom/node_modules/supports-color Completed in 526ms
278 timing reifyNode:node_modules/@testing-library/dom/node_modules/has-flag Completed in 527ms
279 timing reifyNode:node_modules/@types/jest/node_modules/supports-color Completed in 529ms
280 timing reifyNode:node_modules/@testing-library/jest-dom/node_modules/supports-color Completed in 528ms
281 timing reifyNode:node_modules/@testing-library/jest-dom/node_modules/has-flag Completed in 535ms
282 timing reifyNode:node_modules/@types/jest/node_modules/ansi-styles Completed in 537ms
283 timing reifyNode:node_modules/@testing-library/jest-dom/node_modules/ansi-styles Completed in 537ms
284 timing reifyNode:node_modules/@testing-library/dom/node_modules/ansi-styles Completed in 537ms
285 timing reifyNode:node_modules/@types/jest/node_modules/pretty-format/node_modules/ansi-styles Completed in 542ms
286 timing reifyNode:node_modules/@types/jest/node_modules/color-convert Completed in 567ms
287 timing reifyNode:node_modules/@testing-library/jest-dom/node_modules/color-convert Completed in 566ms
288 timing reifyNode:node_modules/@testing-library/dom/node_modules/color-convert Completed in 569ms
289 timing reifyNode:node_modules/@types/jest/node_modules/chalk Completed in 598ms
290 timing reifyNode:node_modules/@testing-library/dom/node_modules/chalk Completed in 598ms
291 http fetch GET 200 https://registry.npmjs.org/decode-uri-component/-/decode-uri-component-0.2.0.tgz 524ms (cache miss)
292 timing reifyNode:node_modules/decode-uri-component Completed in 610ms
293 http fetch GET 200 https://registry.npmjs.org/source-map-resolve/-/source-map-resolve-0.6.0.tgz 520ms (cache miss)
294 warn deprecated source-map-resolve@0.6.0: See https://github.com/lydell/source-map-resolve#deprecated
295 timing reifyNode:node_modules/source-map-resolve Completed in 612ms
296 http fetch GET 200 https://registry.npmjs.org/strip-indent/-/strip-indent-3.0.0.tgz 526ms (cache miss)
297 timing reifyNode:node_modules/strip-indent Completed in 613ms
298 timing reifyNode:node_modules/@types/jest/node_modules/react-is Completed in 615ms
299 http fetch GET 200 https://registry.npmjs.org/min-indent/-/min-indent-1.0.1.tgz 541ms (cache miss)
300 timing reifyNode:node_modules/min-indent Completed in 625ms
301 http fetch GET 200 https://registry.npmjs.org/css.escape/-/css.escape-1.5.1.tgz 517ms (cache miss)
302 timing reifyNode:node_modules/css.escape Completed in 630ms
303 http fetch GET 200 https://registry.npmjs.org/redent/-/redent-3.0.0.tgz 569ms (cache miss)
304 timing reifyNode:node_modules/redent Completed in 666ms
305 http fetch GET 200 https://registry.npmjs.org/indent-string/-/indent-string-4.0.0.tgz 615ms (cache miss)
306 timing reifyNode:node_modules/indent-string Completed in 706ms
307 http fetch GET 200 https://registry.npmjs.org/css/-/css-3.0.0.tgz 617ms (cache miss)
308 http fetch GET 200 https://registry.npmjs.org/diff-sequences/-/diff-sequences-28.1.1.tgz 656ms (cache miss)
309 timing reifyNode:node_modules/@types/jest/node_modules/diff-sequences Completed in 792ms
310 http fetch GET 200 https://registry.npmjs.org/jest-get-type/-/jest-get-type-28.0.2.tgz 652ms (cache miss)
311 timing reifyNode:node_modules/@types/jest/node_modules/jest-get-type Completed in 792ms
312 timing reifyNode:node_modules/css Completed in 803ms
313 http fetch GET 200 https://registry.npmjs.org/atob/-/atob-2.1.2.tgz 718ms (cache miss)
314 timing reifyNode:node_modules/atob Completed in 804ms
315 timing reifyNode:node_modules/@types/jest/node_modules/pretty-format Completed in 808ms
316 http fetch GET 200 https://registry.npmjs.org/@types/testing-library__jest-dom/-/testing-library__jest-dom-5.14.5.tgz 707ms (cache miss)
317 timing reifyNode:node_modules/@types/testing-library__jest-dom Completed in 809ms
318 http fetch GET 200 https://registry.npmjs.org/@types/jest/-/jest-28.1.4.tgz 720ms (cache miss)
319 timing reifyNode:node_modules/@types/jest Completed in 811ms
320 http fetch GET 200 https://registry.npmjs.org/chalk/-/chalk-3.0.0.tgz 651ms (cache miss)
321 timing reifyNode:node_modules/@testing-library/jest-dom/node_modules/chalk Completed in 822ms
322 http fetch GET 200 https://registry.npmjs.org/jest-matcher-utils/-/jest-matcher-utils-28.1.1.tgz 685ms (cache miss)
323 timing reifyNode:node_modules/@types/jest/node_modules/jest-matcher-utils Completed in 828ms
324 http fetch GET 200 https://registry.npmjs.org/@types/scheduler/-/scheduler-0.16.2.tgz 745ms (cache miss)
325 timing reifyNode:node_modules/@types/scheduler Completed in 837ms
326 http fetch GET 200 https://registry.npmjs.org/lz-string/-/lz-string-1.4.4.tgz 711ms (cache miss)
327 timing reifyNode:node_modules/lz-string Completed in 846ms
328 http fetch GET 200 https://registry.npmjs.org/@types/aria-query/-/aria-query-4.2.2.tgz 741ms (cache miss)
329 timing reifyNode:node_modules/@types/aria-query Completed in 847ms
330 http fetch GET 200 https://registry.npmjs.org/jest-diff/-/jest-diff-28.1.1.tgz 744ms (cache miss)
331 timing reifyNode:node_modules/@types/jest/node_modules/jest-diff Completed in 883ms
332 timing reifyNode:node_modules/css/node_modules/source-map Completed in 990ms
333 http fetch GET 200 https://registry.npmjs.org/@types/prop-types/-/prop-types-15.7.5.tgz 901ms (cache miss)
334 timing reifyNode:node_modules/@types/prop-types Completed in 997ms
335 http fetch GET 200 https://registry.npmjs.org/@types/react-dom/-/react-dom-18.0.5.tgz 937ms (cache miss)
336 timing reifyNode:node_modules/@types/react-dom Completed in 1042ms
337 http fetch GET 200 https://registry.npmjs.org/web-vitals/-/web-vitals-2.1.4.tgz 982ms (cache miss)
338 http fetch GET 200 https://registry.npmjs.org/@types/react/-/react-18.0.14.tgz 1011ms (cache miss)
339 timing reifyNode:node_modules/@types/react Completed in 1110ms
340 timing reifyNode:node_modules/web-vitals Completed in 1110ms
341 http fetch GET 200 https://registry.npmjs.org/csstype/-/csstype-3.1.0.tgz 1067ms (cache miss)
342 timing reifyNode:node_modules/csstype Completed in 1159ms
343 http fetch GET 200 https://registry.npmjs.org/dom-accessibility-api/-/dom-accessibility-api-0.5.14.tgz 1090ms (cache miss)
344 timing reifyNode:node_modules/dom-accessibility-api Completed in 1193ms
345 http fetch GET 200 https://registry.npmjs.org/@testing-library/jest-dom/-/jest-dom-5.16.4.tgz 1069ms (cache miss)
346 timing reifyNode:node_modules/@testing-library/jest-dom Completed in 1201ms
347 http fetch GET 200 https://registry.npmjs.org/@testing-library/user-event/-/user-event-13.5.0.tgz 1247ms (cache miss)
348 timing reifyNode:node_modules/@testing-library/user-event Completed in 1377ms
349 http fetch GET 200 https://registry.npmjs.org/aria-query/-/aria-query-5.0.0.tgz 1284ms (cache miss)
350 timing reifyNode:node_modules/@testing-library/dom/node_modules/aria-query Completed in 1439ms
351 http fetch GET 200 https://registry.npmjs.org/@testing-library/dom/-/dom-8.14.0.tgz 1329ms (cache miss)
352 timing reifyNode:node_modules/@testing-library/dom Completed in 1455ms
353 http fetch GET 200 https://registry.npmjs.org/aria-query/-/aria-query-5.0.0.tgz 1297ms (cache miss)
354 timing reifyNode:node_modules/@testing-library/jest-dom/node_modules/aria-query Completed in 1454ms
355 http fetch GET 200 https://registry.npmjs.org/@testing-library/react/-/react-13.3.0.tgz 1362ms (cache miss)
356 timing reifyNode:node_modules/@testing-library/react Completed in 1493ms
357 timing reify:unpack Completed in 1496ms
358 timing reify:unretire Completed in 0ms
359 timing build:queue Completed in 4ms
360 timing build:link:node_modules/atob Completed in 3ms
361 timing build:link:node_modules/lz-string Completed in 2ms
362 timing build:link Completed in 3ms
363 timing build:deps Completed in 7ms
364 timing build Completed in 8ms
365 timing reify:build Completed in 9ms
366 timing reify:trash Completed in 2ms
367 timing reify:save Completed in 431ms
368 timing reify Completed in 15109ms
369 silly ADD node_modules/min-indent
370 silly ADD node_modules/decode-uri-component
371 silly ADD node_modules/atob
372 silly ADD node_modules/strip-indent
373 silly ADD node_modules/indent-string
374 silly ADD node_modules/source-map-resolve
375 silly ADD node_modules/@types/jest
376 silly ADD node_modules/@types/jest/node_modules/has-flag
377 silly ADD node_modules/@types/jest/node_modules/react-is
378 silly ADD node_modules/@types/jest/node_modules/diff-sequences
379 silly ADD node_modules/@types/jest/node_modules/color-name
380 silly ADD node_modules/@types/jest/node_modules/color-convert
381 silly ADD node_modules/@types/jest/node_modules/supports-color
382 silly ADD node_modules/@types/jest/node_modules/ansi-styles
383 silly ADD node_modules/@types/jest/node_modules/jest-get-type
384 silly ADD node_modules/@types/jest/node_modules/jest-diff
385 silly ADD node_modules/@types/jest/node_modules/chalk
386 silly ADD node_modules/@types/jest/node_modules/pretty-format
387 silly ADD node_modules/@types/jest/node_modules/pretty-format/node_modules/ansi-styles
388 silly ADD node_modules/@types/jest/node_modules/jest-matcher-utils
389 silly ADD node_modules/csstype
390 silly ADD node_modules/@types/scheduler
391 silly ADD node_modules/@types/prop-types
392 silly ADD node_modules/@types/react
393 silly ADD node_modules/@types/react-dom
394 silly ADD node_modules/redent
395 silly ADD node_modules/css.escape
396 silly ADD node_modules/css
397 silly ADD node_modules/css/node_modules/source-map
398 silly ADD node_modules/@types/testing-library__jest-dom
399 silly ADD node_modules/lz-string
400 silly ADD node_modules/dom-accessibility-api
401 silly ADD node_modules/@types/aria-query
402 silly ADD node_modules/web-vitals
403 silly ADD node_modules/@testing-library/dom
404 silly ADD node_modules/@testing-library/dom/node_modules/has-flag
405 silly ADD node_modules/@testing-library/dom/node_modules/color-name
406 silly ADD node_modules/@testing-library/dom/node_modules/color-convert
407 silly ADD node_modules/@testing-library/dom/node_modules/supports-color
408 silly ADD node_modules/@testing-library/dom/node_modules/ansi-styles
409 silly ADD node_modules/@testing-library/dom/node_modules/chalk
410 silly ADD node_modules/@testing-library/dom/node_modules/aria-query
411 silly ADD node_modules/@testing-library/user-event
412 silly ADD node_modules/@testing-library/react
413 silly ADD node_modules/@testing-library/jest-dom
414 silly ADD node_modules/@testing-library/jest-dom/node_modules/has-flag
415 silly ADD node_modules/@testing-library/jest-dom/node_modules/color-name
416 silly ADD node_modules/@testing-library/jest-dom/node_modules/color-convert
417 silly ADD node_modules/@testing-library/jest-dom/node_modules/supports-color
418 silly ADD node_modules/@testing-library/jest-dom/node_modules/ansi-styles
419 silly ADD node_modules/@testing-library/jest-dom/node_modules/chalk
420 silly ADD node_modules/@testing-library/jest-dom/node_modules/aria-query
421 silly ADD
422 timing command:install Completed in 15127ms
423 verbose exit 0
424 timing npm Completed in 15282ms
425 info ok
